{"C:\\Users\\ggmed\\Desktop\\estudos_flavio\\File_handling\\fileOperations.js": {"path":"C:\\Users\\ggmed\\Desktop\\estudos_flavio\\File_handling\\fileOperations.js","statementMap":{"0":{"start":{"line":1,"column":11},"end":{"line":1,"column":24}},"1":{"start":{"line":3,"column":14},"end":{"line":3,"column":16}},"2":{"start":{"line":4,"column":15},"end":{"line":4,"column":29}},"3":{"start":{"line":6,"column":0},"end":{"line":12,"column":1}},"4":{"start":{"line":8,"column":17},"end":{"line":8,"column":49}},"5":{"start":{"line":9,"column":4},"end":{"line":9,"column":31}},"6":{"start":{"line":11,"column":4},"end":{"line":11,"column":74}},"7":{"start":{"line":14,"column":23},"end":{"line":21,"column":1}},"8":{"start":{"line":15,"column":4},"end":{"line":20,"column":5}},"9":{"start":{"line":16,"column":8},"end":{"line":16,"column":76}},"10":{"start":{"line":17,"column":8},"end":{"line":17,"column":43}},"11":{"start":{"line":19,"column":8},"end":{"line":19,"column":57}},"12":{"start":{"line":23,"column":0},"end":{"line":23,"column":42}}},"fnMap":{"0":{"name":"(anonymous_0)","decl":{"start":{"line":14,"column":23},"end":{"line":14,"column":24}},"loc":{"start":{"line":14,"column":29},"end":{"line":21,"column":1}},"line":14}},"branchMap":{},"s":{"0":1,"1":1,"2":1,"3":1,"4":1,"5":1,"6":0,"7":1,"8":0,"9":0,"10":0,"11":0,"12":1},"f":{"0":0},"b":{},"_coverageSchema":"1a1c01bbd47fc00a2c39e90264f33305004495a9","hash":"a575da0583413000bb467fa414d647f9f2def5d0"}
}
