{"C:\\Users\\gabri\\Curso\\ProjetosPessoais\\faa\\onboarding-nodejs-users\\index.js": {"path":"C:\\Users\\gabri\\Curso\\ProjetosPessoais\\faa\\onboarding-nodejs-users\\index.js","statementMap":{"0":{"start":{"line":5,"column":12},"end":{"line":5,"column":21}},"1":{"start":{"line":7,"column":0},"end":{"line":7,"column":24}},"2":{"start":{"line":10,"column":14},"end":{"line":10,"column":25}},"3":{"start":{"line":12,"column":0},"end":{"line":49,"column":3}},"4":{"start":{"line":13,"column":17},"end":{"line":13,"column":25}},"5":{"start":{"line":14,"column":24},"end":{"line":14,"column":43}},"6":{"start":{"line":15,"column":16},"end":{"line":15,"column":29}},"7":{"start":{"line":16,"column":27},"end":{"line":16,"column":45}},"8":{"start":{"line":17,"column":23},"end":{"line":17,"column":36}},"9":{"start":{"line":19,"column":2},"end":{"line":47,"column":3}},"10":{"start":{"line":20,"column":4},"end":{"line":28,"column":5}},"11":{"start":{"line":21,"column":6},"end":{"line":21,"column":74}},"12":{"start":{"line":22,"column":6},"end":{"line":22,"column":16}},"13":{"start":{"line":23,"column":6},"end":{"line":23,"column":13}},"14":{"start":{"line":24,"column":11},"end":{"line":28,"column":5}},"15":{"start":{"line":25,"column":6},"end":{"line":25,"column":74}},"16":{"start":{"line":26,"column":6},"end":{"line":26,"column":16}},"17":{"start":{"line":27,"column":6},"end":{"line":27,"column":13}},"18":{"start":{"line":30,"column":4},"end":{"line":39,"column":5}},"19":{"start":{"line":32,"column":6},"end":{"line":32,"column":64}},"20":{"start":{"line":33,"column":6},"end":{"line":33,"column":16}},"21":{"start":{"line":34,"column":6},"end":{"line":34,"column":13}},"22":{"start":{"line":35,"column":11},"end":{"line":39,"column":5}},"23":{"start":{"line":36,"column":6},"end":{"line":36,"column":66}},"24":{"start":{"line":37,"column":6},"end":{"line":37,"column":16}},"25":{"start":{"line":38,"column":6},"end":{"line":38,"column":13}},"26":{"start":{"line":40,"column":4},"end":{"line":40,"column":25}},"27":{"start":{"line":41,"column":4},"end":{"line":41,"column":25}},"28":{"start":{"line":42,"column":4},"end":{"line":44,"column":79}},"29":{"start":{"line":45,"column":9},"end":{"line":47,"column":3}},"30":{"start":{"line":46,"column":4},"end":{"line":46,"column":80}},"31":{"start":{"line":48,"column":2},"end":{"line":48,"column":12}},"32":{"start":{"line":51,"column":0},"end":{"line":58,"column":3}},"33":{"start":{"line":52,"column":25},"end":{"line":52,"column":45}},"34":{"start":{"line":53,"column":2},"end":{"line":57,"column":3}},"35":{"start":{"line":54,"column":4},"end":{"line":54,"column":75}},"36":{"start":{"line":56,"column":4},"end":{"line":56,"column":34}},"37":{"start":{"line":60,"column":0},"end":{"line":78,"column":3}},"38":{"start":{"line":61,"column":18},"end":{"line":61,"column":33}},"39":{"start":{"line":62,"column":17},"end":{"line":62,"column":66}},"40":{"start":{"line":62,"column":42},"end":{"line":62,"column":65}},"41":{"start":{"line":63,"column":2},"end":{"line":63,"column":22}},"42":{"start":{"line":67,"column":2},"end":{"line":77,"column":3}},"43":{"start":{"line":68,"column":4},"end":{"line":68,"column":73}},"44":{"start":{"line":68,"column":48},"end":{"line":68,"column":71}},"45":{"start":{"line":69,"column":4},"end":{"line":69,"column":41}},"46":{"start":{"line":71,"column":4},"end":{"line":75,"column":8}},"47":{"start":{"line":76,"column":4},"end":{"line":76,"column":11}},"48":{"start":{"line":80,"column":0},"end":{"line":109,"column":3}},"49":{"start":{"line":81,"column":19},"end":{"line":81,"column":22}},"50":{"start":{"line":82,"column":18},"end":{"line":82,"column":33}},"51":{"start":{"line":84,"column":16},"end":{"line":84,"column":67}},"52":{"start":{"line":84,"column":43},"end":{"line":84,"column":66}},"53":{"start":{"line":85,"column":4},"end":{"line":89,"column":5}},"54":{"start":{"line":86,"column":6},"end":{"line":86,"column":27}},"55":{"start":{"line":88,"column":6},"end":{"line":88,"column":19}},"56":{"start":{"line":91,"column":14},"end":{"line":91,"column":27}},"57":{"start":{"line":93,"column":2},"end":{"line":106,"column":3}},"58":{"start":{"line":94,"column":17},"end":{"line":101,"column":6}},"59":{"start":{"line":95,"column":6},"end":{"line":100,"column":7}},"60":{"start":{"line":96,"column":28},"end":{"line":96,"column":50}},"61":{"start":{"line":97,"column":8},"end":{"line":97,"column":29}},"62":{"start":{"line":99,"column":8},"end":{"line":99,"column":22}},"63":{"start":{"line":102,"column":4},"end":{"line":102,"column":21}},"64":{"start":{"line":103,"column":4},"end":{"line":103,"column":60}},"65":{"start":{"line":105,"column":4},"end":{"line":105,"column":52}},"66":{"start":{"line":107,"column":2},"end":{"line":107,"column":23}},"67":{"start":{"line":108,"column":2},"end":{"line":108,"column":12}},"68":{"start":{"line":111,"column":0},"end":{"line":123,"column":3}},"69":{"start":{"line":112,"column":18},"end":{"line":112,"column":39}},"70":{"start":{"line":113,"column":24},"end":{"line":113,"column":75}},"71":{"start":{"line":113,"column":51},"end":{"line":113,"column":74}},"72":{"start":{"line":114,"column":26},"end":{"line":114,"column":77}},"73":{"start":{"line":114,"column":53},"end":{"line":114,"column":76}},"74":{"start":{"line":116,"column":2},"end":{"line":122,"column":3}},"75":{"start":{"line":117,"column":4},"end":{"line":117,"column":57}},"76":{"start":{"line":118,"column":4},"end":{"line":118,"column":30}},"77":{"start":{"line":119,"column":4},"end":{"line":119,"column":25}},"78":{"start":{"line":120,"column":9},"end":{"line":122,"column":3}},"79":{"start":{"line":121,"column":4},"end":{"line":121,"column":56}},"80":{"start":{"line":126,"column":0},"end":{"line":126,"column":62}},"81":{"start":{"line":126,"column":23},"end":{"line":126,"column":60}}},"fnMap":{"0":{"name":"(anonymous_0)","decl":{"start":{"line":12,"column":21},"end":{"line":12,"column":22}},"loc":{"start":{"line":12,"column":35},"end":{"line":49,"column":1}},"line":12},"1":{"name":"(anonymous_1)","decl":{"start":{"line":51,"column":20},"end":{"line":51,"column":21}},"loc":{"start":{"line":51,"column":34},"end":{"line":58,"column":1}},"line":51},"2":{"name":"(anonymous_2)","decl":{"start":{"line":60,"column":26},"end":{"line":60,"column":27}},"loc":{"start":{"line":60,"column":40},"end":{"line":78,"column":1}},"line":60},"3":{"name":"(anonymous_3)","decl":{"start":{"line":62,"column":30},"end":{"line":62,"column":31}},"loc":{"start":{"line":62,"column":42},"end":{"line":62,"column":65}},"line":62},"4":{"name":"(anonymous_4)","decl":{"start":{"line":68,"column":36},"end":{"line":68,"column":37}},"loc":{"start":{"line":68,"column":48},"end":{"line":68,"column":71}},"line":68},"5":{"name":"(anonymous_5)","decl":{"start":{"line":80,"column":26},"end":{"line":80,"column":27}},"loc":{"start":{"line":80,"column":40},"end":{"line":109,"column":1}},"line":80},"6":{"name":"personExist","decl":{"start":{"line":83,"column":11},"end":{"line":83,"column":22}},"loc":{"start":{"line":83,"column":25},"end":{"line":90,"column":3}},"line":83},"7":{"name":"(anonymous_7)","decl":{"start":{"line":84,"column":31},"end":{"line":84,"column":32}},"loc":{"start":{"line":84,"column":43},"end":{"line":84,"column":66}},"line":84},"8":{"name":"(anonymous_8)","decl":{"start":{"line":94,"column":29},"end":{"line":94,"column":30}},"loc":{"start":{"line":94,"column":41},"end":{"line":101,"column":5}},"line":94},"9":{"name":"(anonymous_9)","decl":{"start":{"line":111,"column":29},"end":{"line":111,"column":30}},"loc":{"start":{"line":111,"column":43},"end":{"line":123,"column":1}},"line":111},"10":{"name":"(anonymous_10)","decl":{"start":{"line":113,"column":39},"end":{"line":113,"column":40}},"loc":{"start":{"line":113,"column":51},"end":{"line":113,"column":74}},"line":113},"11":{"name":"(anonymous_11)","decl":{"start":{"line":114,"column":41},"end":{"line":114,"column":42}},"loc":{"start":{"line":114,"column":53},"end":{"line":114,"column":76}},"line":114},"12":{"name":"(anonymous_12)","decl":{"start":{"line":126,"column":17},"end":{"line":126,"column":18}},"loc":{"start":{"line":126,"column":23},"end":{"line":126,"column":60}},"line":126}},"branchMap":{"0":{"loc":{"start":{"line":19,"column":2},"end":{"line":47,"column":3}},"type":"if","locations":[{"start":{"line":19,"column":2},"end":{"line":47,"column":3}},{"start":{"line":45,"column":9},"end":{"line":47,"column":3}}],"line":19},"1":{"loc":{"start":{"line":19,"column":6},"end":{"line":19,"column":47}},"type":"binary-expr","locations":[{"start":{"line":19,"column":6},"end":{"line":19,"column":20}},{"start":{"line":19,"column":24},"end":{"line":19,"column":47}}],"line":19},"2":{"loc":{"start":{"line":20,"column":4},"end":{"line":28,"column":5}},"type":"if","locations":[{"start":{"line":20,"column":4},"end":{"line":28,"column":5}},{"start":{"line":24,"column":11},"end":{"line":28,"column":5}}],"line":20},"3":{"loc":{"start":{"line":24,"column":11},"end":{"line":28,"column":5}},"type":"if","locations":[{"start":{"line":24,"column":11},"end":{"line":28,"column":5}},{"start":{},"end":{}}],"line":24},"4":{"loc":{"start":{"line":30,"column":4},"end":{"line":39,"column":5}},"type":"if","locations":[{"start":{"line":30,"column":4},"end":{"line":39,"column":5}},{"start":{"line":35,"column":11},"end":{"line":39,"column":5}}],"line":30},"5":{"loc":{"start":{"line":35,"column":11},"end":{"line":39,"column":5}},"type":"if","locations":[{"start":{"line":35,"column":11},"end":{"line":39,"column":5}},{"start":{},"end":{}}],"line":35},"6":{"loc":{"start":{"line":45,"column":9},"end":{"line":47,"column":3}},"type":"if","locations":[{"start":{"line":45,"column":9},"end":{"line":47,"column":3}},{"start":{},"end":{}}],"line":45},"7":{"loc":{"start":{"line":53,"column":2},"end":{"line":57,"column":3}},"type":"if","locations":[{"start":{"line":53,"column":2},"end":{"line":57,"column":3}},{"start":{"line":55,"column":9},"end":{"line":57,"column":3}}],"line":53},"8":{"loc":{"start":{"line":67,"column":2},"end":{"line":77,"column":3}},"type":"if","locations":[{"start":{"line":67,"column":2},"end":{"line":77,"column":3}},{"start":{"line":70,"column":9},"end":{"line":77,"column":3}}],"line":67},"9":{"loc":{"start":{"line":85,"column":4},"end":{"line":89,"column":5}},"type":"if","locations":[{"start":{"line":85,"column":4},"end":{"line":89,"column":5}},{"start":{"line":87,"column":11},"end":{"line":89,"column":5}}],"line":85},"10":{"loc":{"start":{"line":93,"column":2},"end":{"line":106,"column":3}},"type":"if","locations":[{"start":{"line":93,"column":2},"end":{"line":106,"column":3}},{"start":{"line":104,"column":9},"end":{"line":106,"column":3}}],"line":93},"11":{"loc":{"start":{"line":93,"column":6},"end":{"line":93,"column":19}},"type":"binary-expr","locations":[{"start":{"line":93,"column":6},"end":{"line":93,"column":11}},{"start":{"line":93,"column":15},"end":{"line":93,"column":19}}],"line":93},"12":{"loc":{"start":{"line":95,"column":6},"end":{"line":100,"column":7}},"type":"if","locations":[{"start":{"line":95,"column":6},"end":{"line":100,"column":7}},{"start":{"line":98,"column":13},"end":{"line":100,"column":7}}],"line":95},"13":{"loc":{"start":{"line":112,"column":18},"end":{"line":112,"column":39}},"type":"binary-expr","locations":[{"start":{"line":112,"column":18},"end":{"line":112,"column":33}},{"start":{"line":112,"column":37},"end":{"line":112,"column":39}}],"line":112},"14":{"loc":{"start":{"line":116,"column":2},"end":{"line":122,"column":3}},"type":"if","locations":[{"start":{"line":116,"column":2},"end":{"line":122,"column":3}},{"start":{"line":120,"column":9},"end":{"line":122,"column":3}}],"line":116},"15":{"loc":{"start":{"line":120,"column":9},"end":{"line":122,"column":3}},"type":"if","locations":[{"start":{"line":120,"column":9},"end":{"line":122,"column":3}},{"start":{},"end":{}}],"line":120}},"s":{"0":1,"1":1,"2":1,"3":1,"4":6,"5":6,"6":6,"7":6,"8":6,"9":6,"10":5,"11":1,"12":1,"13":1,"14":4,"15":1,"16":1,"17":1,"18":3,"19":1,"20":1,"21":1,"22":2,"23":1,"24":1,"25":1,"26":1,"27":1,"28":1,"29":1,"30":1,"31":2,"32":1,"33":1,"34":1,"35":0,"36":1,"37":1,"38":2,"39":2,"40":4,"41":2,"42":2,"43":1,"44":2,"45":1,"46":1,"47":1,"48":1,"49":2,"50":2,"51":2,"52":4,"53":2,"54":1,"55":1,"56":2,"57":2,"58":1,"59":2,"60":1,"61":1,"62":1,"63":1,"64":1,"65":1,"66":2,"67":2,"68":1,"69":2,"70":2,"71":4,"72":2,"73":4,"74":2,"75":1,"76":1,"77":1,"78":1,"79":1,"80":1,"81":1},"f":{"0":6,"1":1,"2":2,"3":4,"4":2,"5":2,"6":2,"7":4,"8":2,"9":2,"10":4,"11":4,"12":1},"b":{"0":[5,1],"1":[6,6],"2":[1,4],"3":[1,3],"4":[1,2],"5":[1,1],"6":[1,0],"7":[0,1],"8":[1,1],"9":[1,1],"10":[1,1],"11":[2,1],"12":[1,1],"13":[2,0],"14":[1,1],"15":[1,0]},"_coverageSchema":"1a1c01bbd47fc00a2c39e90264f33305004495a9","hash":"9e0968e6900ff51e31d140d8d446e06924fdefe9"}
,"C:\\Users\\gabri\\Curso\\ProjetosPessoais\\faa\\onboarding-nodejs-users\\updatePersons.js": {"path":"C:\\Users\\gabri\\Curso\\ProjetosPessoais\\faa\\onboarding-nodejs-users\\updatePersons.js","statementMap":{"0":{"start":{"line":4,"column":2},"end":{"line":6,"column":5}},"1":{"start":{"line":12,"column":16},"end":{"line":12,"column":18}},"2":{"start":{"line":13,"column":2},"end":{"line":20,"column":3}},"3":{"start":{"line":14,"column":21},"end":{"line":14,"column":54}},"4":{"start":{"line":15,"column":4},"end":{"line":17,"column":5}},"5":{"start":{"line":16,"column":6},"end":{"line":16,"column":39}},"6":{"start":{"line":19,"column":4},"end":{"line":19,"column":17}},"7":{"start":{"line":21,"column":2},"end":{"line":21,"column":30}},"8":{"start":{"line":21,"column":15},"end":{"line":21,"column":30}}},"fnMap":{"0":{"name":"savePersons","decl":{"start":{"line":3,"column":16},"end":{"line":3,"column":27}},"loc":{"start":{"line":3,"column":37},"end":{"line":9,"column":1}},"line":3},"1":{"name":"(anonymous_1)","decl":{"start":{"line":4,"column":67},"end":{"line":4,"column":68}},"loc":{"start":{"line":4,"column":76},"end":{"line":6,"column":3}},"line":4},"2":{"name":"syncStart","decl":{"start":{"line":11,"column":16},"end":{"line":11,"column":25}},"loc":{"start":{"line":11,"column":28},"end":{"line":22,"column":1}},"line":11}},"branchMap":{"0":{"loc":{"start":{"line":15,"column":4},"end":{"line":17,"column":5}},"type":"if","locations":[{"start":{"line":15,"column":4},"end":{"line":17,"column":5}},{"start":{},"end":{}}],"line":15},"1":{"loc":{"start":{"line":21,"column":2},"end":{"line":21,"column":30}},"type":"if","locations":[{"start":{"line":21,"column":2},"end":{"line":21,"column":30}},{"start":{},"end":{}}],"line":21}},"s":{"0":4,"1":1,"2":1,"3":1,"4":1,"5":1,"6":0,"7":1,"8":1},"f":{"0":4,"1":3,"2":1},"b":{"0":[1,0],"1":[1,0]},"_coverageSchema":"1a1c01bbd47fc00a2c39e90264f33305004495a9","hash":"aa9378b4bd2fa59229459c7196c2827cbc0113a4"}
}
