{"C:\\Users\\gabri\\Curso\\ProjetosPessoais\\faa\\onboarding-nodejs-users\\index.js": {"path":"C:\\Users\\gabri\\Curso\\ProjetosPessoais\\faa\\onboarding-nodejs-users\\index.js","statementMap":{"0":{"start":{"line":5,"column":12},"end":{"line":5,"column":21}},"1":{"start":{"line":7,"column":0},"end":{"line":7,"column":24}},"2":{"start":{"line":10,"column":14},"end":{"line":10,"column":25}},"3":{"start":{"line":12,"column":0},"end":{"line":49,"column":3}},"4":{"start":{"line":13,"column":17},"end":{"line":13,"column":25}},"5":{"start":{"line":14,"column":24},"end":{"line":14,"column":43}},"6":{"start":{"line":15,"column":16},"end":{"line":15,"column":29}},"7":{"start":{"line":16,"column":27},"end":{"line":16,"column":45}},"8":{"start":{"line":17,"column":23},"end":{"line":17,"column":36}},"9":{"start":{"line":19,"column":2},"end":{"line":47,"column":3}},"10":{"start":{"line":20,"column":4},"end":{"line":28,"column":5}},"11":{"start":{"line":21,"column":6},"end":{"line":21,"column":74}},"12":{"start":{"line":22,"column":6},"end":{"line":22,"column":16}},"13":{"start":{"line":23,"column":6},"end":{"line":23,"column":13}},"14":{"start":{"line":24,"column":11},"end":{"line":28,"column":5}},"15":{"start":{"line":25,"column":6},"end":{"line":25,"column":74}},"16":{"start":{"line":26,"column":6},"end":{"line":26,"column":16}},"17":{"start":{"line":27,"column":6},"end":{"line":27,"column":13}},"18":{"start":{"line":30,"column":4},"end":{"line":39,"column":5}},"19":{"start":{"line":32,"column":6},"end":{"line":32,"column":64}},"20":{"start":{"line":33,"column":6},"end":{"line":33,"column":16}},"21":{"start":{"line":34,"column":6},"end":{"line":34,"column":13}},"22":{"start":{"line":35,"column":11},"end":{"line":39,"column":5}},"23":{"start":{"line":36,"column":6},"end":{"line":36,"column":66}},"24":{"start":{"line":37,"column":6},"end":{"line":37,"column":16}},"25":{"start":{"line":38,"column":6},"end":{"line":38,"column":13}},"26":{"start":{"line":40,"column":4},"end":{"line":40,"column":25}},"27":{"start":{"line":41,"column":4},"end":{"line":41,"column":25}},"28":{"start":{"line":42,"column":4},"end":{"line":44,"column":79}},"29":{"start":{"line":45,"column":9},"end":{"line":47,"column":3}},"30":{"start":{"line":46,"column":4},"end":{"line":46,"column":80}},"31":{"start":{"line":48,"column":2},"end":{"line":48,"column":12}},"32":{"start":{"line":51,"column":0},"end":{"line":58,"column":3}},"33":{"start":{"line":52,"column":25},"end":{"line":52,"column":45}},"34":{"start":{"line":53,"column":2},"end":{"line":57,"column":3}},"35":{"start":{"line":54,"column":4},"end":{"line":54,"column":75}},"36":{"start":{"line":56,"column":4},"end":{"line":56,"column":34}},"37":{"start":{"line":60,"column":0},"end":{"line":78,"column":3}},"38":{"start":{"line":61,"column":18},"end":{"line":61,"column":33}},"39":{"start":{"line":62,"column":17},"end":{"line":62,"column":66}},"40":{"start":{"line":62,"column":42},"end":{"line":62,"column":65}},"41":{"start":{"line":63,"column":2},"end":{"line":63,"column":22}},"42":{"start":{"line":67,"column":2},"end":{"line":77,"column":3}},"43":{"start":{"line":68,"column":4},"end":{"line":68,"column":73}},"44":{"start":{"line":68,"column":48},"end":{"line":68,"column":71}},"45":{"start":{"line":69,"column":4},"end":{"line":69,"column":41}},"46":{"start":{"line":71,"column":4},"end":{"line":75,"column":8}},"47":{"start":{"line":76,"column":4},"end":{"line":76,"column":11}},"48":{"start":{"line":80,"column":0},"end":{"line":112,"column":3}},"49":{"start":{"line":81,"column":20},"end":{"line":81,"column":23}},"50":{"start":{"line":82,"column":22},"end":{"line":82,"column":51}},"51":{"start":{"line":83,"column":18},"end":{"line":83,"column":33}},"52":{"start":{"line":85,"column":16},"end":{"line":85,"column":67}},"53":{"start":{"line":85,"column":43},"end":{"line":85,"column":66}},"54":{"start":{"line":86,"column":4},"end":{"line":90,"column":5}},"55":{"start":{"line":87,"column":6},"end":{"line":87,"column":27}},"56":{"start":{"line":89,"column":6},"end":{"line":89,"column":19}},"57":{"start":{"line":92,"column":14},"end":{"line":92,"column":27}},"58":{"start":{"line":94,"column":2},"end":{"line":109,"column":3}},"59":{"start":{"line":95,"column":17},"end":{"line":102,"column":6}},"60":{"start":{"line":96,"column":6},"end":{"line":101,"column":7}},"61":{"start":{"line":97,"column":28},"end":{"line":97,"column":51}},"62":{"start":{"line":98,"column":8},"end":{"line":98,"column":29}},"63":{"start":{"line":100,"column":8},"end":{"line":100,"column":22}},"64":{"start":{"line":103,"column":4},"end":{"line":103,"column":21}},"65":{"start":{"line":104,"column":4},"end":{"line":104,"column":60}},"66":{"start":{"line":105,"column":9},"end":{"line":109,"column":3}},"67":{"start":{"line":106,"column":4},"end":{"line":106,"column":63}},"68":{"start":{"line":108,"column":4},"end":{"line":108,"column":52}},"69":{"start":{"line":110,"column":2},"end":{"line":110,"column":23}},"70":{"start":{"line":111,"column":2},"end":{"line":111,"column":12}},"71":{"start":{"line":114,"column":0},"end":{"line":126,"column":3}},"72":{"start":{"line":115,"column":18},"end":{"line":115,"column":39}},"73":{"start":{"line":116,"column":24},"end":{"line":116,"column":75}},"74":{"start":{"line":116,"column":51},"end":{"line":116,"column":74}},"75":{"start":{"line":117,"column":26},"end":{"line":117,"column":77}},"76":{"start":{"line":117,"column":53},"end":{"line":117,"column":76}},"77":{"start":{"line":119,"column":2},"end":{"line":125,"column":3}},"78":{"start":{"line":120,"column":4},"end":{"line":120,"column":57}},"79":{"start":{"line":121,"column":4},"end":{"line":121,"column":30}},"80":{"start":{"line":122,"column":4},"end":{"line":122,"column":25}},"81":{"start":{"line":123,"column":9},"end":{"line":125,"column":3}},"82":{"start":{"line":124,"column":4},"end":{"line":124,"column":56}},"83":{"start":{"line":129,"column":0},"end":{"line":129,"column":62}},"84":{"start":{"line":129,"column":23},"end":{"line":129,"column":60}}},"fnMap":{"0":{"name":"(anonymous_0)","decl":{"start":{"line":12,"column":21},"end":{"line":12,"column":22}},"loc":{"start":{"line":12,"column":35},"end":{"line":49,"column":1}},"line":12},"1":{"name":"(anonymous_1)","decl":{"start":{"line":51,"column":20},"end":{"line":51,"column":21}},"loc":{"start":{"line":51,"column":34},"end":{"line":58,"column":1}},"line":51},"2":{"name":"(anonymous_2)","decl":{"start":{"line":60,"column":26},"end":{"line":60,"column":27}},"loc":{"start":{"line":60,"column":40},"end":{"line":78,"column":1}},"line":60},"3":{"name":"(anonymous_3)","decl":{"start":{"line":62,"column":30},"end":{"line":62,"column":31}},"loc":{"start":{"line":62,"column":42},"end":{"line":62,"column":65}},"line":62},"4":{"name":"(anonymous_4)","decl":{"start":{"line":68,"column":36},"end":{"line":68,"column":37}},"loc":{"start":{"line":68,"column":48},"end":{"line":68,"column":71}},"line":68},"5":{"name":"(anonymous_5)","decl":{"start":{"line":80,"column":26},"end":{"line":80,"column":27}},"loc":{"start":{"line":80,"column":40},"end":{"line":112,"column":1}},"line":80},"6":{"name":"personExist","decl":{"start":{"line":84,"column":11},"end":{"line":84,"column":22}},"loc":{"start":{"line":84,"column":25},"end":{"line":91,"column":3}},"line":84},"7":{"name":"(anonymous_7)","decl":{"start":{"line":85,"column":31},"end":{"line":85,"column":32}},"loc":{"start":{"line":85,"column":43},"end":{"line":85,"column":66}},"line":85},"8":{"name":"(anonymous_8)","decl":{"start":{"line":95,"column":29},"end":{"line":95,"column":30}},"loc":{"start":{"line":95,"column":41},"end":{"line":102,"column":5}},"line":95},"9":{"name":"(anonymous_9)","decl":{"start":{"line":114,"column":29},"end":{"line":114,"column":30}},"loc":{"start":{"line":114,"column":43},"end":{"line":126,"column":1}},"line":114},"10":{"name":"(anonymous_10)","decl":{"start":{"line":116,"column":39},"end":{"line":116,"column":40}},"loc":{"start":{"line":116,"column":51},"end":{"line":116,"column":74}},"line":116},"11":{"name":"(anonymous_11)","decl":{"start":{"line":117,"column":41},"end":{"line":117,"column":42}},"loc":{"start":{"line":117,"column":53},"end":{"line":117,"column":76}},"line":117},"12":{"name":"(anonymous_12)","decl":{"start":{"line":129,"column":17},"end":{"line":129,"column":18}},"loc":{"start":{"line":129,"column":23},"end":{"line":129,"column":60}},"line":129}},"branchMap":{"0":{"loc":{"start":{"line":19,"column":2},"end":{"line":47,"column":3}},"type":"if","locations":[{"start":{"line":19,"column":2},"end":{"line":47,"column":3}},{"start":{"line":45,"column":9},"end":{"line":47,"column":3}}],"line":19},"1":{"loc":{"start":{"line":19,"column":6},"end":{"line":19,"column":47}},"type":"binary-expr","locations":[{"start":{"line":19,"column":6},"end":{"line":19,"column":20}},{"start":{"line":19,"column":24},"end":{"line":19,"column":47}}],"line":19},"2":{"loc":{"start":{"line":20,"column":4},"end":{"line":28,"column":5}},"type":"if","locations":[{"start":{"line":20,"column":4},"end":{"line":28,"column":5}},{"start":{"line":24,"column":11},"end":{"line":28,"column":5}}],"line":20},"3":{"loc":{"start":{"line":24,"column":11},"end":{"line":28,"column":5}},"type":"if","locations":[{"start":{"line":24,"column":11},"end":{"line":28,"column":5}},{"start":{},"end":{}}],"line":24},"4":{"loc":{"start":{"line":30,"column":4},"end":{"line":39,"column":5}},"type":"if","locations":[{"start":{"line":30,"column":4},"end":{"line":39,"column":5}},{"start":{"line":35,"column":11},"end":{"line":39,"column":5}}],"line":30},"5":{"loc":{"start":{"line":35,"column":11},"end":{"line":39,"column":5}},"type":"if","locations":[{"start":{"line":35,"column":11},"end":{"line":39,"column":5}},{"start":{},"end":{}}],"line":35},"6":{"loc":{"start":{"line":45,"column":9},"end":{"line":47,"column":3}},"type":"if","locations":[{"start":{"line":45,"column":9},"end":{"line":47,"column":3}},{"start":{},"end":{}}],"line":45},"7":{"loc":{"start":{"line":53,"column":2},"end":{"line":57,"column":3}},"type":"if","locations":[{"start":{"line":53,"column":2},"end":{"line":57,"column":3}},{"start":{"line":55,"column":9},"end":{"line":57,"column":3}}],"line":53},"8":{"loc":{"start":{"line":67,"column":2},"end":{"line":77,"column":3}},"type":"if","locations":[{"start":{"line":67,"column":2},"end":{"line":77,"column":3}},{"start":{"line":70,"column":9},"end":{"line":77,"column":3}}],"line":67},"9":{"loc":{"start":{"line":86,"column":4},"end":{"line":90,"column":5}},"type":"if","locations":[{"start":{"line":86,"column":4},"end":{"line":90,"column":5}},{"start":{"line":88,"column":11},"end":{"line":90,"column":5}}],"line":86},"10":{"loc":{"start":{"line":94,"column":2},"end":{"line":109,"column":3}},"type":"if","locations":[{"start":{"line":94,"column":2},"end":{"line":109,"column":3}},{"start":{"line":105,"column":9},"end":{"line":109,"column":3}}],"line":94},"11":{"loc":{"start":{"line":94,"column":6},"end":{"line":94,"column":26}},"type":"binary-expr","locations":[{"start":{"line":94,"column":6},"end":{"line":94,"column":11}},{"start":{"line":94,"column":15},"end":{"line":94,"column":26}}],"line":94},"12":{"loc":{"start":{"line":96,"column":6},"end":{"line":101,"column":7}},"type":"if","locations":[{"start":{"line":96,"column":6},"end":{"line":101,"column":7}},{"start":{"line":99,"column":13},"end":{"line":101,"column":7}}],"line":96},"13":{"loc":{"start":{"line":105,"column":9},"end":{"line":109,"column":3}},"type":"if","locations":[{"start":{"line":105,"column":9},"end":{"line":109,"column":3}},{"start":{"line":107,"column":9},"end":{"line":109,"column":3}}],"line":105},"14":{"loc":{"start":{"line":115,"column":18},"end":{"line":115,"column":39}},"type":"binary-expr","locations":[{"start":{"line":115,"column":18},"end":{"line":115,"column":33}},{"start":{"line":115,"column":37},"end":{"line":115,"column":39}}],"line":115},"15":{"loc":{"start":{"line":119,"column":2},"end":{"line":125,"column":3}},"type":"if","locations":[{"start":{"line":119,"column":2},"end":{"line":125,"column":3}},{"start":{"line":123,"column":9},"end":{"line":125,"column":3}}],"line":119},"16":{"loc":{"start":{"line":123,"column":9},"end":{"line":125,"column":3}},"type":"if","locations":[{"start":{"line":123,"column":9},"end":{"line":125,"column":3}},{"start":{},"end":{}}],"line":123}},"s":{"0":1,"1":1,"2":1,"3":1,"4":6,"5":6,"6":6,"7":6,"8":6,"9":6,"10":5,"11":1,"12":1,"13":1,"14":4,"15":1,"16":1,"17":1,"18":3,"19":1,"20":1,"21":1,"22":2,"23":1,"24":1,"25":1,"26":1,"27":1,"28":1,"29":1,"30":1,"31":2,"32":1,"33":1,"34":1,"35":0,"36":1,"37":1,"38":2,"39":2,"40":27,"41":2,"42":2,"43":1,"44":14,"45":1,"46":1,"47":1,"48":1,"49":4,"50":4,"51":4,"52":4,"53":56,"54":4,"55":2,"56":2,"57":4,"58":4,"59":1,"60":14,"61":1,"62":1,"63":13,"64":1,"65":1,"66":3,"67":1,"68":2,"69":4,"70":4,"71":1,"72":2,"73":2,"74":28,"75":2,"76":28,"77":2,"78":1,"79":1,"80":1,"81":1,"82":1,"83":1,"84":1},"f":{"0":6,"1":1,"2":2,"3":27,"4":14,"5":4,"6":4,"7":56,"8":14,"9":2,"10":28,"11":28,"12":1},"b":{"0":[5,1],"1":[6,6],"2":[1,4],"3":[1,3],"4":[1,2],"5":[1,1],"6":[1,0],"7":[0,1],"8":[1,1],"9":[2,2],"10":[1,3],"11":[4,2],"12":[1,13],"13":[1,2],"14":[2,0],"15":[1,1],"16":[1,0]},"_coverageSchema":"1a1c01bbd47fc00a2c39e90264f33305004495a9","hash":"e0afdf2a24eece334cc425f4e1e7f54173cc4e35"}
,"C:\\Users\\gabri\\Curso\\ProjetosPessoais\\faa\\onboarding-nodejs-users\\updatePersons.js": {"path":"C:\\Users\\gabri\\Curso\\ProjetosPessoais\\faa\\onboarding-nodejs-users\\updatePersons.js","statementMap":{"0":{"start":{"line":4,"column":2},"end":{"line":6,"column":5}},"1":{"start":{"line":13,"column":16},"end":{"line":13,"column":18}},"2":{"start":{"line":14,"column":2},"end":{"line":21,"column":3}},"3":{"start":{"line":15,"column":21},"end":{"line":15,"column":54}},"4":{"start":{"line":16,"column":4},"end":{"line":18,"column":5}},"5":{"start":{"line":17,"column":6},"end":{"line":17,"column":39}},"6":{"start":{"line":20,"column":4},"end":{"line":20,"column":17}},"7":{"start":{"line":22,"column":2},"end":{"line":22,"column":30}},"8":{"start":{"line":22,"column":15},"end":{"line":22,"column":30}}},"fnMap":{"0":{"name":"savePersons","decl":{"start":{"line":3,"column":16},"end":{"line":3,"column":27}},"loc":{"start":{"line":3,"column":37},"end":{"line":9,"column":1}},"line":3},"1":{"name":"(anonymous_1)","decl":{"start":{"line":4,"column":67},"end":{"line":4,"column":68}},"loc":{"start":{"line":4,"column":76},"end":{"line":6,"column":3}},"line":4},"2":{"name":"syncStart","decl":{"start":{"line":11,"column":16},"end":{"line":11,"column":25}},"loc":{"start":{"line":11,"column":28},"end":{"line":23,"column":1}},"line":11}},"branchMap":{"0":{"loc":{"start":{"line":16,"column":4},"end":{"line":18,"column":5}},"type":"if","locations":[{"start":{"line":16,"column":4},"end":{"line":18,"column":5}},{"start":{},"end":{}}],"line":16},"1":{"loc":{"start":{"line":22,"column":2},"end":{"line":22,"column":30}},"type":"if","locations":[{"start":{"line":22,"column":2},"end":{"line":22,"column":30}},{"start":{},"end":{}}],"line":22}},"s":{"0":6,"1":1,"2":1,"3":1,"4":1,"5":1,"6":0,"7":1,"8":1},"f":{"0":6,"1":5,"2":1},"b":{"0":[1,0],"1":[1,0]},"_coverageSchema":"1a1c01bbd47fc00a2c39e90264f33305004495a9","hash":"6816e4dcfccb34867965c7d797b15a3d90fcf253"}
}
