TN:
SF:index.js
FN:12,(anonymous_0)
FN:51,(anonymous_1)
FN:60,(anonymous_2)
FN:62,(anonymous_3)
FN:68,(anonymous_4)
FN:80,(anonymous_5)
FN:84,personExist
FN:85,(anonymous_7)
FN:95,(anonymous_8)
FN:114,(anonymous_9)
FN:116,(anonymous_10)
FN:117,(anonymous_11)
FN:129,(anonymous_12)
FNF:13
FNH:13
FNDA:6,(anonymous_0)
FNDA:1,(anonymous_1)
FNDA:2,(anonymous_2)
FNDA:27,(anonymous_3)
FNDA:14,(anonymous_4)
FNDA:4,(anonymous_5)
FNDA:4,personExist
FNDA:56,(anonymous_7)
FNDA:14,(anonymous_8)
FNDA:2,(anonymous_9)
FNDA:28,(anonymous_10)
FNDA:28,(anonymous_11)
FNDA:1,(anonymous_12)
DA:5,1
DA:7,1
DA:10,1
DA:12,1
DA:13,6
DA:14,6
DA:15,6
DA:16,6
DA:17,6
DA:19,6
DA:20,5
DA:21,1
DA:22,1
DA:23,1
DA:24,4
DA:25,1
DA:26,1
DA:27,1
DA:30,3
DA:32,1
DA:33,1
DA:34,1
DA:35,2
DA:36,1
DA:37,1
DA:38,1
DA:40,1
DA:41,1
DA:42,1
DA:45,1
DA:46,1
DA:48,2
DA:51,1
DA:52,1
DA:53,1
DA:54,0
DA:56,1
DA:60,1
DA:61,2
DA:62,27
DA:63,2
DA:67,2
DA:68,14
DA:69,1
DA:71,1
DA:76,1
DA:80,1
DA:81,4
DA:82,4
DA:83,4
DA:85,56
DA:86,4
DA:87,2
DA:89,2
DA:92,4
DA:94,4
DA:95,1
DA:96,14
DA:97,1
DA:98,1
DA:100,13
DA:103,1
DA:104,1
DA:105,3
DA:106,1
DA:108,2
DA:110,4
DA:111,4
DA:114,1
DA:115,2
DA:116,28
DA:117,28
DA:119,2
DA:120,1
DA:121,1
DA:122,1
DA:123,1
DA:124,1
DA:129,1
LF:79
LH:78
BRDA:19,0,0,5
BRDA:19,0,1,1
BRDA:19,1,0,6
BRDA:19,1,1,6
BRDA:20,2,0,1
BRDA:20,2,1,4
BRDA:24,3,0,1
BRDA:24,3,1,3
BRDA:30,4,0,1
BRDA:30,4,1,2
BRDA:35,5,0,1
BRDA:35,5,1,1
BRDA:45,6,0,1
BRDA:45,6,1,0
BRDA:53,7,0,0
BRDA:53,7,1,1
BRDA:67,8,0,1
BRDA:67,8,1,1
BRDA:86,9,0,2
BRDA:86,9,1,2
BRDA:94,10,0,1
BRDA:94,10,1,3
BRDA:94,11,0,4
BRDA:94,11,1,2
BRDA:96,12,0,1
BRDA:96,12,1,13
BRDA:105,13,0,1
BRDA:105,13,1,2
BRDA:115,14,0,2
BRDA:115,14,1,0
BRDA:119,15,0,1
BRDA:119,15,1,1
BRDA:123,16,0,1
BRDA:123,16,1,0
BRF:34
BRH:30
end_of_record
TN:
SF:updatePersons.js
FN:3,savePersons
FN:4,(anonymous_1)
FN:11,syncStart
FNF:3
FNH:3
FNDA:6,savePersons
FNDA:5,(anonymous_1)
FNDA:1,syncStart
DA:4,6
DA:13,1
DA:14,1
DA:15,1
DA:16,1
DA:17,1
DA:20,0
DA:22,1
LF:8
LH:7
BRDA:16,0,0,1
BRDA:16,0,1,0
BRDA:22,1,0,1
BRDA:22,1,1,0
BRF:4
BRH:2
end_of_record
