TN:
SF:index.js
FN:12,(anonymous_0)
FN:51,(anonymous_1)
FN:60,(anonymous_2)
FN:62,(anonymous_3)
FN:68,(anonymous_4)
FN:80,(anonymous_5)
FN:83,personExist
FN:84,(anonymous_7)
FN:94,(anonymous_8)
FN:111,(anonymous_9)
FN:113,(anonymous_10)
FN:114,(anonymous_11)
FN:126,(anonymous_12)
FNF:13
FNH:13
FNDA:6,(anonymous_0)
FNDA:1,(anonymous_1)
FNDA:2,(anonymous_2)
FNDA:4,(anonymous_3)
FNDA:2,(anonymous_4)
FNDA:2,(anonymous_5)
FNDA:2,personExist
FNDA:4,(anonymous_7)
FNDA:2,(anonymous_8)
FNDA:2,(anonymous_9)
FNDA:4,(anonymous_10)
FNDA:4,(anonymous_11)
FNDA:1,(anonymous_12)
DA:5,1
DA:7,1
DA:10,1
DA:12,1
DA:13,6
DA:14,6
DA:15,6
DA:16,6
DA:17,6
DA:19,6
DA:20,5
DA:21,1
DA:22,1
DA:23,1
DA:24,4
DA:25,1
DA:26,1
DA:27,1
DA:30,3
DA:32,1
DA:33,1
DA:34,1
DA:35,2
DA:36,1
DA:37,1
DA:38,1
DA:40,1
DA:41,1
DA:42,1
DA:45,1
DA:46,1
DA:48,2
DA:51,1
DA:52,1
DA:53,1
DA:54,0
DA:56,1
DA:60,1
DA:61,2
DA:62,4
DA:63,2
DA:67,2
DA:68,2
DA:69,1
DA:71,1
DA:76,1
DA:80,1
DA:81,2
DA:82,2
DA:84,4
DA:85,2
DA:86,1
DA:88,1
DA:91,2
DA:93,2
DA:94,1
DA:95,2
DA:96,1
DA:97,1
DA:99,1
DA:102,1
DA:103,1
DA:105,1
DA:107,2
DA:108,2
DA:111,1
DA:112,2
DA:113,4
DA:114,4
DA:116,2
DA:117,1
DA:118,1
DA:119,1
DA:120,1
DA:121,1
DA:126,1
LF:76
LH:75
BRDA:19,0,0,5
BRDA:19,0,1,1
BRDA:19,1,0,6
BRDA:19,1,1,6
BRDA:20,2,0,1
BRDA:20,2,1,4
BRDA:24,3,0,1
BRDA:24,3,1,3
BRDA:30,4,0,1
BRDA:30,4,1,2
BRDA:35,5,0,1
BRDA:35,5,1,1
BRDA:45,6,0,1
BRDA:45,6,1,0
BRDA:53,7,0,0
BRDA:53,7,1,1
BRDA:67,8,0,1
BRDA:67,8,1,1
BRDA:85,9,0,1
BRDA:85,9,1,1
BRDA:93,10,0,1
BRDA:93,10,1,1
BRDA:93,11,0,2
BRDA:93,11,1,1
BRDA:95,12,0,1
BRDA:95,12,1,1
BRDA:112,13,0,2
BRDA:112,13,1,0
BRDA:116,14,0,1
BRDA:116,14,1,1
BRDA:120,15,0,1
BRDA:120,15,1,0
BRF:32
BRH:28
end_of_record
TN:
SF:updatePersons.js
FN:3,savePersons
FN:4,(anonymous_1)
FN:11,syncStart
FNF:3
FNH:3
FNDA:4,savePersons
FNDA:3,(anonymous_1)
FNDA:1,syncStart
DA:4,4
DA:12,1
DA:13,1
DA:14,1
DA:15,1
DA:16,1
DA:19,0
DA:21,1
LF:8
LH:7
BRDA:15,0,0,1
BRDA:15,0,1,0
BRDA:21,1,0,1
BRDA:21,1,1,0
BRF:4
BRH:2
end_of_record
